<?xml version="1.0" encoding="UTF-8"?>
<!-- Generated by org.testng.reporters.JUnitReportReporter -->
<testsuite hostname="Arekuti_Sirisha" failures="0" tests="1" name="apiAutomationPractice.DynamicJson" time="5.747" errors="0" timestamp="25 Feb. 2024 04:42:33 GMT" skipped="0">
  <testcase classname="apiAutomationPractice.DynamicJson" name="addBook" time="5.747"/>
</testsuite> <!-- apiAutomationPractice.DynamicJson -->
